{"/Users/pagrawal2/Pawan/ITR-FA-Manager/FA-Helper-App/src/common/exchangeRates.ts": {"path":"/Users/pagrawal2/Pawan/ITR-FA-Manager/FA-Helper-App/src/common/exchangeRates.ts","statementMap":{"0":{"start":{"line":21,"column":18},"end":{"line":21,"column":null}},"1":{"start":{"line":22,"column":2},"end":{"line":24,"column":null}},"2":{"start":{"line":23,"column":4},"end":{"line":23,"column":null}},"3":{"start":{"line":26,"column":17},"end":{"line":26,"column":null}},"4":{"start":{"line":27,"column":2},"end":{"line":29,"column":null}},"5":{"start":{"line":28,"column":4},"end":{"line":28,"column":null}},"6":{"start":{"line":31,"column":2},"end":{"line":31,"column":null}},"7":{"start":{"line":35,"column":18},"end":{"line":35,"column":null}},"8":{"start":{"line":36,"column":2},"end":{"line":38,"column":null}},"9":{"start":{"line":37,"column":4},"end":{"line":37,"column":null}},"10":{"start":{"line":40,"column":2},"end":{"line":40,"column":null}},"11":{"start":{"line":44,"column":17},"end":{"line":47,"column":null}},"12":{"start":{"line":49,"column":2},"end":{"line":52,"column":null}},"13":{"start":{"line":50,"column":23},"end":{"line":50,"column":null}},"14":{"start":{"line":51,"column":4},"end":{"line":51,"column":null}},"15":{"start":{"line":54,"column":21},"end":{"line":54,"column":null}},"16":{"start":{"line":56,"column":2},"end":{"line":64,"column":null}},"17":{"start":{"line":57,"column":21},"end":{"line":57,"column":29}},"18":{"start":{"line":59,"column":19},"end":{"line":59,"column":null}},"19":{"start":{"line":60,"column":6},"end":{"line":63,"column":null}},"20":{"start":{"line":66,"column":15},"end":{"line":66,"column":null}},"21":{"start":{"line":66,"column":62},"end":{"line":66,"column":97}},"22":{"start":{"line":68,"column":2},"end":{"line":70,"column":null}},"23":{"start":{"line":69,"column":4},"end":{"line":69,"column":null}},"24":{"start":{"line":72,"column":2},"end":{"line":75,"column":null}},"25":{"start":{"line":82,"column":2},"end":{"line":96,"column":null}},"26":{"start":{"line":82,"column":19},"end":{"line":82,"column":45}},"27":{"start":{"line":83,"column":16},"end":{"line":83,"column":null}},"28":{"start":{"line":84,"column":4},"end":{"line":86,"column":null}},"29":{"start":{"line":85,"column":6},"end":{"line":85,"column":null}},"30":{"start":{"line":88,"column":4},"end":{"line":95,"column":null}},"31":{"start":{"line":89,"column":6},"end":{"line":94,"column":null}},"32":{"start":{"line":98,"column":2},"end":{"line":98,"column":null}},"33":{"start":{"line":102,"column":36},"end":{"line":102,"column":null}},"34":{"start":{"line":103,"column":15},"end":{"line":103,"column":null}},"35":{"start":{"line":104,"column":21},"end":{"line":104,"column":null}},"36":{"start":{"line":105,"column":27},"end":{"line":105,"column":null}},"37":{"start":{"line":107,"column":2},"end":{"line":107,"column":null}},"38":{"start":{"line":114,"column":2},"end":{"line":114,"column":null}},"39":{"start":{"line":125,"column":25},"end":{"line":127,"column":null}},"40":{"start":{"line":126,"column":13},"end":{"line":126,"column":null}},"41":{"start":{"line":129,"column":46},"end":{"line":129,"column":null}},"42":{"start":{"line":131,"column":2},"end":{"line":148,"column":null}},"43":{"start":{"line":132,"column":21},"end":{"line":132,"column":null}},"44":{"start":{"line":133,"column":4},"end":{"line":135,"column":null}},"45":{"start":{"line":134,"column":6},"end":{"line":134,"column":null}},"46":{"start":{"line":137,"column":22},"end":{"line":137,"column":null}},"47":{"start":{"line":139,"column":4},"end":{"line":147,"column":null}},"48":{"start":{"line":140,"column":6},"end":{"line":146,"column":null}},"49":{"start":{"line":150,"column":2},"end":{"line":150,"column":null}}},"fnMap":{"0":{"name":"parseNumber","decl":{"start":{"line":20,"column":9},"end":{"line":20,"column":21}},"loc":{"start":{"line":20,"column":44},"end":{"line":32,"column":null}},"line":20},"1":{"name":"parseRateDate","decl":{"start":{"line":34,"column":9},"end":{"line":34,"column":23}},"loc":{"start":{"line":34,"column":46},"end":{"line":41,"column":null}},"line":34},"2":{"name":"parseExchangeRateCsv","decl":{"start":{"line":43,"column":16},"end":{"line":43,"column":37}},"loc":{"start":{"line":43,"column":78},"end":{"line":76,"column":null}},"line":43},"3":{"name":"(anonymous_3)","decl":{"start":{"line":57,"column":5},"end":{"line":57,"column":13}},"loc":{"start":{"line":57,"column":21},"end":{"line":57,"column":29}},"line":57},"4":{"name":"(anonymous_4)","decl":{"start":{"line":58,"column":5},"end":{"line":58,"column":14}},"loc":{"start":{"line":58,"column":22},"end":{"line":64,"column":5}},"line":58},"5":{"name":"(anonymous_5)","decl":{"start":{"line":66,"column":40},"end":{"line":66,"column":46}},"loc":{"start":{"line":66,"column":62},"end":{"line":66,"column":97}},"line":66},"6":{"name":"getExchangeRateOnOrBefore","decl":{"start":{"line":78,"column":16},"end":{"line":78,"column":null}},"loc":{"start":{"line":81,"column":35},"end":{"line":99,"column":null}},"line":81},"7":{"name":"getPreviousMonthEnd","decl":{"start":{"line":101,"column":16},"end":{"line":101,"column":36}},"loc":{"start":{"line":101,"column":58},"end":{"line":108,"column":null}},"line":101},"8":{"name":"getCapitalGainsExchangeRate","decl":{"start":{"line":110,"column":16},"end":{"line":110,"column":null}},"loc":{"start":{"line":113,"column":35},"end":{"line":115,"column":null}},"line":113},"9":{"name":"getMaxInrAmountForRange","decl":{"start":{"line":117,"column":16},"end":{"line":117,"column":null}},"loc":{"start":{"line":124,"column":29},"end":{"line":151,"column":null}},"line":124},"10":{"name":"(anonymous_10)","decl":{"start":{"line":125,"column":42},"end":{"line":125,"column":null}},"loc":{"start":{"line":126,"column":13},"end":{"line":126,"column":null}},"line":126},"11":{"name":"(anonymous_11)","decl":{"start":{"line":131,"column":17},"end":{"line":131,"column":26}},"loc":{"start":{"line":131,"column":39},"end":{"line":148,"column":3}},"line":131}},"branchMap":{"0":{"loc":{"start":{"line":22,"column":2},"end":{"line":24,"column":null}},"type":"if","locations":[{"start":{"line":22,"column":2},"end":{"line":24,"column":null}},{"start":{},"end":{}}],"line":22},"1":{"loc":{"start":{"line":27,"column":2},"end":{"line":29,"column":null}},"type":"if","locations":[{"start":{"line":27,"column":2},"end":{"line":29,"column":null}},{"start":{},"end":{}}],"line":27},"2":{"loc":{"start":{"line":36,"column":2},"end":{"line":38,"column":null}},"type":"if","locations":[{"start":{"line":36,"column":2},"end":{"line":38,"column":null}},{"start":{},"end":{}}],"line":36},"3":{"loc":{"start":{"line":49,"column":2},"end":{"line":52,"column":null}},"type":"if","locations":[{"start":{"line":49,"column":2},"end":{"line":52,"column":null}},{"start":{},"end":{}}],"line":49},"4":{"loc":{"start":{"line":62,"column":30},"end":{"line":62,"column":50}},"type":"binary-expr","locations":[{"start":{"line":62,"column":30},"end":{"line":62,"column":47}},{"start":{"line":62,"column":47},"end":{"line":62,"column":50}}],"line":62},"5":{"loc":{"start":{"line":68,"column":2},"end":{"line":70,"column":null}},"type":"if","locations":[{"start":{"line":68,"column":2},"end":{"line":70,"column":null}},{"start":{},"end":{}}],"line":68},"6":{"loc":{"start":{"line":84,"column":4},"end":{"line":86,"column":null}},"type":"if","locations":[{"start":{"line":84,"column":4},"end":{"line":86,"column":null}},{"start":{},"end":{}}],"line":84},"7":{"loc":{"start":{"line":88,"column":4},"end":{"line":95,"column":null}},"type":"if","locations":[{"start":{"line":88,"column":4},"end":{"line":95,"column":null}},{"start":{},"end":{}}],"line":88},"8":{"loc":{"start":{"line":126,"column":13},"end":{"line":126,"column":null}},"type":"binary-expr","locations":[{"start":{"line":126,"column":13},"end":{"line":126,"column":48}},{"start":{"line":126,"column":48},"end":{"line":126,"column":73}},{"start":{"line":126,"column":73},"end":{"line":126,"column":null}}],"line":126},"9":{"loc":{"start":{"line":133,"column":4},"end":{"line":135,"column":null}},"type":"if","locations":[{"start":{"line":133,"column":4},"end":{"line":135,"column":null}},{"start":{},"end":{}}],"line":133},"10":{"loc":{"start":{"line":139,"column":4},"end":{"line":147,"column":null}},"type":"if","locations":[{"start":{"line":139,"column":4},"end":{"line":147,"column":null}},{"start":{},"end":{}}],"line":139},"11":{"loc":{"start":{"line":139,"column":8},"end":{"line":139,"column":57}},"type":"binary-expr","locations":[{"start":{"line":139,"column":8},"end":{"line":139,"column":23}},{"start":{"line":139,"column":23},"end":{"line":139,"column":57}}],"line":139}},"s":{"0":26,"1":26,"2":0,"3":26,"4":26,"5":1,"6":25,"7":26,"8":26,"9":0,"10":26,"11":7,"12":7,"13":0,"14":0,"15":7,"16":7,"17":26,"18":26,"19":26,"20":7,"21":20,"22":7,"23":1,"24":5,"25":7,"26":7,"27":25,"28":25,"29":17,"30":8,"31":5,"32":2,"33":3,"34":3,"35":3,"36":3,"37":3,"38":1,"39":2,"40":4,"41":2,"42":2,"43":3,"44":3,"45":1,"46":2,"47":2,"48":2,"49":2},"f":{"0":26,"1":26,"2":7,"3":26,"4":26,"5":20,"6":7,"7":3,"8":1,"9":2,"10":4,"11":3},"b":{"0":[0,26],"1":[1,25],"2":[0,26],"3":[0,7],"4":[26,0],"5":[1,6],"6":[17,8],"7":[5,3],"8":[4,3,3],"9":[1,2],"10":[2,0],"11":[2,1]},"meta":{"lastBranch":12,"lastFunction":12,"lastStatement":50,"seen":{"f:20:9:20:21":0,"s:21:18:21:Infinity":0,"b:22:2:24:Infinity:undefined:undefined:undefined:undefined":0,"s:22:2:24:Infinity":1,"s:23:4:23:Infinity":2,"s:26:17:26:Infinity":3,"b:27:2:29:Infinity:undefined:undefined:undefined:undefined":1,"s:27:2:29:Infinity":4,"s:28:4:28:Infinity":5,"s:31:2:31:Infinity":6,"f:34:9:34:23":1,"s:35:18:35:Infinity":7,"b:36:2:38:Infinity:undefined:undefined:undefined:undefined":2,"s:36:2:38:Infinity":8,"s:37:4:37:Infinity":9,"s:40:2:40:Infinity":10,"f:43:16:43:37":2,"s:44:17:47:Infinity":11,"b:49:2:52:Infinity:undefined:undefined:undefined:undefined":3,"s:49:2:52:Infinity":12,"s:50:23:50:Infinity":13,"s:51:4:51:Infinity":14,"s:54:21:54:Infinity":15,"s:56:2:64:Infinity":16,"f:57:5:57:13":3,"s:57:21:57:29":17,"f:58:5:58:14":4,"s:59:19:59:Infinity":18,"s:60:6:63:Infinity":19,"b:62:30:62:47:62:47:62:50":4,"s:66:15:66:Infinity":20,"f:66:40:66:46":5,"s:66:62:66:97":21,"b:68:2:70:Infinity:undefined:undefined:undefined:undefined":5,"s:68:2:70:Infinity":22,"s:69:4:69:Infinity":23,"s:72:2:75:Infinity":24,"f:78:16:78:Infinity":6,"s:82:2:96:Infinity":25,"s:82:19:82:45":26,"s:83:16:83:Infinity":27,"b:84:4:86:Infinity:undefined:undefined:undefined:undefined":6,"s:84:4:86:Infinity":28,"s:85:6:85:Infinity":29,"b:88:4:95:Infinity:undefined:undefined:undefined:undefined":7,"s:88:4:95:Infinity":30,"s:89:6:94:Infinity":31,"s:98:2:98:Infinity":32,"f:101:16:101:36":7,"s:102:36:102:Infinity":33,"s:103:15:103:Infinity":34,"s:104:21:104:Infinity":35,"s:105:27:105:Infinity":36,"s:107:2:107:Infinity":37,"f:110:16:110:Infinity":8,"s:114:2:114:Infinity":38,"f:117:16:117:Infinity":9,"s:125:25:127:Infinity":39,"f:125:42:125:Infinity":10,"s:126:13:126:Infinity":40,"b:126:13:126:48:126:48:126:73:126:73:126:Infinity":8,"s:129:46:129:Infinity":41,"s:131:2:148:Infinity":42,"f:131:17:131:26":11,"s:132:21:132:Infinity":43,"b:133:4:135:Infinity:undefined:undefined:undefined:undefined":9,"s:133:4:135:Infinity":44,"s:134:6:134:Infinity":45,"s:137:22:137:Infinity":46,"b:139:4:147:Infinity:undefined:undefined:undefined:undefined":10,"s:139:4:147:Infinity":47,"b:139:8:139:23:139:23:139:57":11,"s:140:6:146:Infinity":48,"s:150:2:150:Infinity":49},"fnNames":{}}}
,"/Users/pagrawal2/Pawan/ITR-FA-Manager/FA-Helper-App/src/common/fifo.ts": {"path":"/Users/pagrawal2/Pawan/ITR-FA-Manager/FA-Helper-App/src/common/fifo.ts","statementMap":{"0":{"start":{"line":9,"column":2},"end":{"line":11,"column":null}},"1":{"start":{"line":10,"column":4},"end":{"line":10,"column":null}},"2":{"start":{"line":13,"column":2},"end":{"line":13,"column":null}},"3":{"start":{"line":17,"column":2},"end":{"line":17,"column":null}},"4":{"start":{"line":21,"column":39},"end":{"line":27,"column":null}},"5":{"start":{"line":22,"column":29},"end":{"line":22,"column":70}},"6":{"start":{"line":24,"column":27},"end":{"line":27,"column":6}},"7":{"start":{"line":29,"column":27},"end":{"line":31,"column":null}},"8":{"start":{"line":30,"column":29},"end":{"line":30,"column":67}},"9":{"start":{"line":33,"column":40},"end":{"line":33,"column":null}},"10":{"start":{"line":34,"column":28},"end":{"line":34,"column":null}},"11":{"start":{"line":36,"column":2},"end":{"line":80,"column":null}},"12":{"start":{"line":37,"column":33},"end":{"line":37,"column":null}},"13":{"start":{"line":39,"column":4},"end":{"line":75,"column":null}},"14":{"start":{"line":40,"column":29},"end":{"line":40,"column":null}},"15":{"start":{"line":41,"column":28},"end":{"line":41,"column":null}},"16":{"start":{"line":42,"column":25},"end":{"line":42,"column":null}},"17":{"start":{"line":43,"column":30},"end":{"line":43,"column":null}},"18":{"start":{"line":44,"column":27},"end":{"line":44,"column":null}},"19":{"start":{"line":45,"column":28},"end":{"line":45,"column":null}},"20":{"start":{"line":46,"column":29},"end":{"line":46,"column":null}},"21":{"start":{"line":48,"column":6},"end":{"line":67,"column":null}},"22":{"start":{"line":69,"column":6},"end":{"line":69,"column":null}},"23":{"start":{"line":70,"column":6},"end":{"line":70,"column":null}},"24":{"start":{"line":72,"column":6},"end":{"line":74,"column":null}},"25":{"start":{"line":73,"column":8},"end":{"line":73,"column":null}},"26":{"start":{"line":77,"column":4},"end":{"line":79,"column":null}},"27":{"start":{"line":78,"column":6},"end":{"line":78,"column":null}},"28":{"start":{"line":82,"column":38},"end":{"line":94,"column":null}},"29":{"start":{"line":83,"column":21},"end":{"line":83,"column":44}},"30":{"start":{"line":84,"column":19},"end":{"line":94,"column":6}},"31":{"start":{"line":96,"column":2},"end":{"line":100,"column":null}}},"fnMap":{"0":{"name":"sortByDateAndRow","decl":{"start":{"line":8,"column":9},"end":{"line":8,"column":26}},"loc":{"start":{"line":8,"column":93},"end":{"line":14,"column":null}},"line":8},"1":{"name":"roundCurrency","decl":{"start":{"line":16,"column":9},"end":{"line":16,"column":23}},"loc":{"start":{"line":16,"column":46},"end":{"line":18,"column":null}},"line":16},"2":{"name":"buildFifoReport","decl":{"start":{"line":20,"column":16},"end":{"line":20,"column":32}},"loc":{"start":{"line":20,"column":83},"end":{"line":101,"column":null}},"line":20},"3":{"name":"(anonymous_3)","decl":{"start":{"line":22,"column":5},"end":{"line":22,"column":13}},"loc":{"start":{"line":22,"column":29},"end":{"line":22,"column":70}},"line":22},"4":{"name":"(anonymous_4)","decl":{"start":{"line":24,"column":5},"end":{"line":24,"column":10}},"loc":{"start":{"line":24,"column":27},"end":{"line":27,"column":6}},"line":24},"5":{"name":"(anonymous_5)","decl":{"start":{"line":30,"column":5},"end":{"line":30,"column":13}},"loc":{"start":{"line":30,"column":29},"end":{"line":30,"column":67}},"line":30},"6":{"name":"(anonymous_6)","decl":{"start":{"line":36,"column":19},"end":{"line":36,"column":28}},"loc":{"start":{"line":36,"column":48},"end":{"line":80,"column":3}},"line":36},"7":{"name":"(anonymous_7)","decl":{"start":{"line":83,"column":5},"end":{"line":83,"column":13}},"loc":{"start":{"line":83,"column":21},"end":{"line":83,"column":44}},"line":83},"8":{"name":"(anonymous_8)","decl":{"start":{"line":84,"column":5},"end":{"line":84,"column":10}},"loc":{"start":{"line":84,"column":19},"end":{"line":94,"column":6}},"line":84}},"branchMap":{"0":{"loc":{"start":{"line":9,"column":2},"end":{"line":11,"column":null}},"type":"if","locations":[{"start":{"line":9,"column":2},"end":{"line":11,"column":null}},{"start":{},"end":{}}],"line":9},"1":{"loc":{"start":{"line":39,"column":11},"end":{"line":39,"column":70}},"type":"binary-expr","locations":[{"start":{"line":39,"column":11},"end":{"line":39,"column":41}},{"start":{"line":39,"column":41},"end":{"line":39,"column":70}}],"line":39},"2":{"loc":{"start":{"line":72,"column":6},"end":{"line":74,"column":null}},"type":"if","locations":[{"start":{"line":72,"column":6},"end":{"line":74,"column":null}},{"start":{},"end":{}}],"line":72},"3":{"loc":{"start":{"line":77,"column":4},"end":{"line":79,"column":null}},"type":"if","locations":[{"start":{"line":77,"column":4},"end":{"line":79,"column":null}},{"start":{},"end":{}}],"line":77}},"s":{"0":8,"1":7,"2":1,"3":58,"4":3,"5":16,"6":6,"7":3,"8":16,"9":3,"10":3,"11":3,"12":8,"13":8,"14":11,"15":11,"16":11,"17":11,"18":11,"19":11,"20":11,"21":11,"22":11,"23":11,"24":11,"25":4,"26":8,"27":1,"28":3,"29":2,"30":2,"31":3},"f":{"0":8,"1":58,"2":3,"3":16,"4":6,"5":16,"6":8,"7":2,"8":2},"b":{"0":[7,1],"1":[8,12],"2":[4,7],"3":[1,7]},"meta":{"lastBranch":4,"lastFunction":9,"lastStatement":32,"seen":{"f:8:9:8:26":0,"b:9:2:11:Infinity:undefined:undefined:undefined:undefined":0,"s:9:2:11:Infinity":0,"s:10:4:10:Infinity":1,"s:13:2:13:Infinity":2,"f:16:9:16:23":1,"s:17:2:17:Infinity":3,"f:20:16:20:32":2,"s:21:39:27:Infinity":4,"f:22:5:22:13":3,"s:22:29:22:70":5,"f:24:5:24:10":4,"s:24:27:27:6":6,"s:29:27:31:Infinity":7,"f:30:5:30:13":5,"s:30:29:30:67":8,"s:33:40:33:Infinity":9,"s:34:28:34:Infinity":10,"s:36:2:80:Infinity":11,"f:36:19:36:28":6,"s:37:33:37:Infinity":12,"s:39:4:75:Infinity":13,"b:39:11:39:41:39:41:39:70":1,"s:40:29:40:Infinity":14,"s:41:28:41:Infinity":15,"s:42:25:42:Infinity":16,"s:43:30:43:Infinity":17,"s:44:27:44:Infinity":18,"s:45:28:45:Infinity":19,"s:46:29:46:Infinity":20,"s:48:6:67:Infinity":21,"s:69:6:69:Infinity":22,"s:70:6:70:Infinity":23,"b:72:6:74:Infinity:undefined:undefined:undefined:undefined":2,"s:72:6:74:Infinity":24,"s:73:8:73:Infinity":25,"b:77:4:79:Infinity:undefined:undefined:undefined:undefined":3,"s:77:4:79:Infinity":26,"s:78:6:78:Infinity":27,"s:82:38:94:Infinity":28,"f:83:5:83:13":7,"s:83:21:83:44":29,"f:84:5:84:10":8,"s:84:19:94:6":30,"s:96:2:100:Infinity":31},"fnNames":{}}}
,"/Users/pagrawal2/Pawan/ITR-FA-Manager/FA-Helper-App/src/common/historicalPrices.ts": {"path":"/Users/pagrawal2/Pawan/ITR-FA-Manager/FA-Helper-App/src/common/historicalPrices.ts","statementMap":{"0":{"start":{"line":6,"column":21},"end":{"line":6,"column":null}},"1":{"start":{"line":7,"column":2},"end":{"line":9,"column":null}},"2":{"start":{"line":8,"column":4},"end":{"line":8,"column":null}},"3":{"start":{"line":11,"column":17},"end":{"line":11,"column":null}},"4":{"start":{"line":12,"column":2},"end":{"line":14,"column":null}},"5":{"start":{"line":13,"column":4},"end":{"line":13,"column":null}},"6":{"start":{"line":16,"column":2},"end":{"line":16,"column":null}},"7":{"start":{"line":20,"column":18},"end":{"line":20,"column":null}},"8":{"start":{"line":21,"column":16},"end":{"line":21,"column":null}},"9":{"start":{"line":23,"column":2},"end":{"line":25,"column":null}},"10":{"start":{"line":24,"column":4},"end":{"line":24,"column":null}},"11":{"start":{"line":27,"column":49},"end":{"line":27,"column":null}},"12":{"start":{"line":28,"column":15},"end":{"line":30,"column":null}},"13":{"start":{"line":31,"column":2},"end":{"line":31,"column":null}},"14":{"start":{"line":38,"column":17},"end":{"line":41,"column":null}},"15":{"start":{"line":43,"column":2},"end":{"line":46,"column":null}},"16":{"start":{"line":44,"column":23},"end":{"line":44,"column":null}},"17":{"start":{"line":45,"column":4},"end":{"line":45,"column":null}},"18":{"start":{"line":48,"column":37},"end":{"line":56,"column":null}},"19":{"start":{"line":49,"column":21},"end":{"line":49,"column":62}},"20":{"start":{"line":50,"column":19},"end":{"line":55,"column":6}},"21":{"start":{"line":56,"column":27},"end":{"line":56,"column":62}},"22":{"start":{"line":58,"column":2},"end":{"line":60,"column":null}},"23":{"start":{"line":59,"column":4},"end":{"line":59,"column":null}},"24":{"start":{"line":62,"column":2},"end":{"line":65,"column":null}}},"fnMap":{"0":{"name":"parseUsdAmount","decl":{"start":{"line":5,"column":9},"end":{"line":5,"column":24}},"loc":{"start":{"line":5,"column":47},"end":{"line":17,"column":null}},"line":5},"1":{"name":"parseUsDate","decl":{"start":{"line":19,"column":9},"end":{"line":19,"column":21}},"loc":{"start":{"line":19,"column":44},"end":{"line":32,"column":null}},"line":19},"2":{"name":"parseHistoricalPriceCsv","decl":{"start":{"line":34,"column":16},"end":{"line":34,"column":null}},"loc":{"start":{"line":37,"column":29},"end":{"line":66,"column":null}},"line":37},"3":{"name":"(anonymous_3)","decl":{"start":{"line":49,"column":5},"end":{"line":49,"column":13}},"loc":{"start":{"line":49,"column":21},"end":{"line":49,"column":62}},"line":49},"4":{"name":"(anonymous_4)","decl":{"start":{"line":50,"column":5},"end":{"line":50,"column":10}},"loc":{"start":{"line":50,"column":19},"end":{"line":55,"column":6}},"line":50},"5":{"name":"(anonymous_5)","decl":{"start":{"line":56,"column":5},"end":{"line":56,"column":11}},"loc":{"start":{"line":56,"column":27},"end":{"line":56,"column":62}},"line":56}},"branchMap":{"0":{"loc":{"start":{"line":7,"column":2},"end":{"line":9,"column":null}},"type":"if","locations":[{"start":{"line":7,"column":2},"end":{"line":9,"column":null}},{"start":{},"end":{}}],"line":7},"1":{"loc":{"start":{"line":12,"column":2},"end":{"line":14,"column":null}},"type":"if","locations":[{"start":{"line":12,"column":2},"end":{"line":14,"column":null}},{"start":{},"end":{}}],"line":12},"2":{"loc":{"start":{"line":23,"column":2},"end":{"line":25,"column":null}},"type":"if","locations":[{"start":{"line":23,"column":2},"end":{"line":25,"column":null}},{"start":{},"end":{}}],"line":23},"3":{"loc":{"start":{"line":36,"column":2},"end":{"line":36,"column":null}},"type":"default-arg","locations":[{"start":{"line":36,"column":16},"end":{"line":36,"column":null}}],"line":36},"4":{"loc":{"start":{"line":43,"column":2},"end":{"line":46,"column":null}},"type":"if","locations":[{"start":{"line":43,"column":2},"end":{"line":46,"column":null}},{"start":{},"end":{}}],"line":43},"5":{"loc":{"start":{"line":49,"column":21},"end":{"line":49,"column":62}},"type":"binary-expr","locations":[{"start":{"line":49,"column":21},"end":{"line":49,"column":33}},{"start":{"line":49,"column":33},"end":{"line":49,"column":54}},{"start":{"line":49,"column":54},"end":{"line":49,"column":62}}],"line":49},"6":{"loc":{"start":{"line":58,"column":2},"end":{"line":60,"column":null}},"type":"if","locations":[{"start":{"line":58,"column":2},"end":{"line":60,"column":null}},{"start":{},"end":{}}],"line":58}},"s":{"0":10,"1":10,"2":0,"3":10,"4":10,"5":1,"6":9,"7":6,"8":6,"9":6,"10":1,"11":5,"12":5,"13":5,"14":5,"15":5,"16":0,"17":0,"18":5,"19":8,"20":6,"21":2,"22":5,"23":1,"24":2},"f":{"0":10,"1":6,"2":5,"3":8,"4":6,"5":2},"b":{"0":[0,10],"1":[1,9],"2":[1,5],"3":[5],"4":[0,5],"5":[8,8,8],"6":[1,4]},"meta":{"lastBranch":7,"lastFunction":6,"lastStatement":25,"seen":{"f:5:9:5:24":0,"s:6:21:6:Infinity":0,"b:7:2:9:Infinity:undefined:undefined:undefined:undefined":0,"s:7:2:9:Infinity":1,"s:8:4:8:Infinity":2,"s:11:17:11:Infinity":3,"b:12:2:14:Infinity:undefined:undefined:undefined:undefined":1,"s:12:2:14:Infinity":4,"s:13:4:13:Infinity":5,"s:16:2:16:Infinity":6,"f:19:9:19:21":1,"s:20:18:20:Infinity":7,"s:21:16:21:Infinity":8,"b:23:2:25:Infinity:undefined:undefined:undefined:undefined":2,"s:23:2:25:Infinity":9,"s:24:4:24:Infinity":10,"s:27:49:27:Infinity":11,"s:28:15:30:Infinity":12,"s:31:2:31:Infinity":13,"f:34:16:34:Infinity":2,"b:36:16:36:Infinity":3,"s:38:17:41:Infinity":14,"b:43:2:46:Infinity:undefined:undefined:undefined:undefined":4,"s:43:2:46:Infinity":15,"s:44:23:44:Infinity":16,"s:45:4:45:Infinity":17,"s:48:37:56:Infinity":18,"f:49:5:49:13":3,"s:49:21:49:62":19,"b:49:21:49:33:49:33:49:54:49:54:49:62":5,"f:50:5:50:10":4,"s:50:19:55:6":20,"f:56:5:56:11":5,"s:56:27:56:62":21,"b:58:2:60:Infinity:undefined:undefined:undefined:undefined":6,"s:58:2:60:Infinity":22,"s:59:4:59:Infinity":23,"s:62:2:65:Infinity":24},"fnNames":{}}}
,"/Users/pagrawal2/Pawan/ITR-FA-Manager/FA-Helper-App/src/ibkr/parser.ts": {"path":"/Users/pagrawal2/Pawan/ITR-FA-Manager/FA-Helper-App/src/ibkr/parser.ts","statementMap":{"0":{"start":{"line":10,"column":36},"end":{"line":10,"column":null}},"1":{"start":{"line":13,"column":2},"end":{"line":13,"column":null}},"2":{"start":{"line":17,"column":18},"end":{"line":17,"column":null}},"3":{"start":{"line":18,"column":2},"end":{"line":20,"column":null}},"4":{"start":{"line":19,"column":4},"end":{"line":19,"column":null}},"5":{"start":{"line":22,"column":17},"end":{"line":22,"column":null}},"6":{"start":{"line":23,"column":2},"end":{"line":25,"column":null}},"7":{"start":{"line":24,"column":4},"end":{"line":24,"column":null}},"8":{"start":{"line":27,"column":2},"end":{"line":27,"column":null}},"9":{"start":{"line":31,"column":18},"end":{"line":31,"column":null}},"10":{"start":{"line":32,"column":2},"end":{"line":34,"column":null}},"11":{"start":{"line":33,"column":4},"end":{"line":33,"column":null}},"12":{"start":{"line":36,"column":2},"end":{"line":36,"column":null}},"13":{"start":{"line":40,"column":18},"end":{"line":44,"column":null}},"14":{"start":{"line":41,"column":19},"end":{"line":41,"column":30}},"15":{"start":{"line":46,"column":2},"end":{"line":46,"column":null}},"16":{"start":{"line":50,"column":2},"end":{"line":54,"column":null}},"17":{"start":{"line":58,"column":2},"end":{"line":66,"column":null}},"18":{"start":{"line":65,"column":4},"end":{"line":65,"column":null}},"19":{"start":{"line":70,"column":2},"end":{"line":82,"column":null}},"20":{"start":{"line":86,"column":17},"end":{"line":88,"column":null}},"21":{"start":{"line":90,"column":2},"end":{"line":93,"column":null}},"22":{"start":{"line":91,"column":23},"end":{"line":91,"column":null}},"23":{"start":{"line":92,"column":4},"end":{"line":92,"column":null}},"24":{"start":{"line":95,"column":15},"end":{"line":95,"column":null}},"25":{"start":{"line":96,"column":22},"end":{"line":98,"column":null}},"26":{"start":{"line":97,"column":13},"end":{"line":97,"column":null}},"27":{"start":{"line":100,"column":2},"end":{"line":102,"column":null}},"28":{"start":{"line":101,"column":4},"end":{"line":101,"column":null}},"29":{"start":{"line":104,"column":2},"end":{"line":104,"column":null}},"30":{"start":{"line":106,"column":46},"end":{"line":106,"column":null}},"31":{"start":{"line":107,"column":42},"end":{"line":107,"column":null}},"32":{"start":{"line":109,"column":2},"end":{"line":132,"column":null}},"33":{"start":{"line":110,"column":28},"end":{"line":110,"column":null}},"34":{"start":{"line":112,"column":4},"end":{"line":114,"column":null}},"35":{"start":{"line":113,"column":6},"end":{"line":113,"column":null}},"36":{"start":{"line":116,"column":33},"end":{"line":116,"column":null}},"37":{"start":{"line":117,"column":19},"end":{"line":117,"column":null}},"38":{"start":{"line":119,"column":4},"end":{"line":124,"column":null}},"39":{"start":{"line":120,"column":6},"end":{"line":122,"column":null}},"40":{"start":{"line":123,"column":6},"end":{"line":123,"column":null}},"41":{"start":{"line":126,"column":4},"end":{"line":129,"column":null}},"42":{"start":{"line":127,"column":6},"end":{"line":127,"column":null}},"43":{"start":{"line":128,"column":6},"end":{"line":128,"column":null}},"44":{"start":{"line":131,"column":4},"end":{"line":131,"column":null}},"45":{"start":{"line":134,"column":2},"end":{"line":136,"column":null}},"46":{"start":{"line":135,"column":4},"end":{"line":135,"column":null}},"47":{"start":{"line":138,"column":24},"end":{"line":138,"column":null}},"48":{"start":{"line":138,"column":60},"end":{"line":138,"column":75}},"49":{"start":{"line":140,"column":2},"end":{"line":146,"column":null}},"50":{"start":{"line":150,"column":2},"end":{"line":172,"column":null}},"51":{"start":{"line":151,"column":19},"end":{"line":151,"column":null}},"52":{"start":{"line":152,"column":28},"end":{"line":152,"column":null}},"53":{"start":{"line":154,"column":4},"end":{"line":171,"column":null}}},"fnMap":{"0":{"name":"getCell","decl":{"start":{"line":12,"column":9},"end":{"line":12,"column":17}},"loc":{"start":{"line":12,"column":55},"end":{"line":14,"column":null}},"line":12},"1":{"name":"parseNumber","decl":{"start":{"line":16,"column":9},"end":{"line":16,"column":21}},"loc":{"start":{"line":16,"column":59},"end":{"line":28,"column":null}},"line":16},"2":{"name":"parseTradeDate","decl":{"start":{"line":30,"column":9},"end":{"line":30,"column":24}},"loc":{"start":{"line":30,"column":47},"end":{"line":37,"column":null}},"line":30},"3":{"name":"buildPreview","decl":{"start":{"line":39,"column":9},"end":{"line":39,"column":22}},"loc":{"start":{"line":39,"column":45},"end":{"line":47,"column":null}},"line":39},"4":{"name":"(anonymous_4)","decl":{"start":{"line":41,"column":5},"end":{"line":41,"column":10}},"loc":{"start":{"line":41,"column":19},"end":{"line":41,"column":30}},"line":41},"5":{"name":"buildIgnoredRowDetail","decl":{"start":{"line":49,"column":9},"end":{"line":49,"column":31}},"loc":{"start":{"line":49,"column":105},"end":{"line":55,"column":null}},"line":49},"6":{"name":"validateHeaderRow","decl":{"start":{"line":57,"column":9},"end":{"line":57,"column":27}},"loc":{"start":{"line":57,"column":48},"end":{"line":67,"column":null}},"line":57},"7":{"name":"mapRowToIbkrRecord","decl":{"start":{"line":69,"column":9},"end":{"line":69,"column":28}},"loc":{"start":{"line":69,"column":91},"end":{"line":83,"column":null}},"line":69},"8":{"name":"parseIbkrTransactionsCsv","decl":{"start":{"line":85,"column":16},"end":{"line":85,"column":41}},"loc":{"start":{"line":85,"column":74},"end":{"line":147,"column":null}},"line":85},"9":{"name":"(anonymous_9)","decl":{"start":{"line":96,"column":27},"end":{"line":96,"column":null}},"loc":{"start":{"line":97,"column":13},"end":{"line":97,"column":null}},"line":97},"10":{"name":"(anonymous_10)","decl":{"start":{"line":109,"column":30},"end":{"line":109,"column":39}},"loc":{"start":{"line":109,"column":54},"end":{"line":132,"column":3}},"line":109},"11":{"name":"(anonymous_11)","decl":{"start":{"line":138,"column":47},"end":{"line":138,"column":52}},"loc":{"start":{"line":138,"column":60},"end":{"line":138,"column":75}},"line":138},"12":{"name":"deriveIbkrTransactions","decl":{"start":{"line":149,"column":16},"end":{"line":149,"column":39}},"loc":{"start":{"line":149,"column":95},"end":{"line":173,"column":null}},"line":149},"13":{"name":"(anonymous_13)","decl":{"start":{"line":150,"column":14},"end":{"line":150,"column":19}},"loc":{"start":{"line":150,"column":27},"end":{"line":172,"column":3}},"line":150}},"branchMap":{"0":{"loc":{"start":{"line":13,"column":9},"end":{"line":13,"column":null}},"type":"binary-expr","locations":[{"start":{"line":13,"column":9},"end":{"line":13,"column":31}},{"start":{"line":13,"column":31},"end":{"line":13,"column":null}}],"line":13},"1":{"loc":{"start":{"line":18,"column":2},"end":{"line":20,"column":null}},"type":"if","locations":[{"start":{"line":18,"column":2},"end":{"line":20,"column":null}},{"start":{},"end":{}}],"line":18},"2":{"loc":{"start":{"line":18,"column":6},"end":{"line":18,"column":35}},"type":"binary-expr","locations":[{"start":{"line":18,"column":6},"end":{"line":18,"column":18}},{"start":{"line":18,"column":18},"end":{"line":18,"column":35}}],"line":18},"3":{"loc":{"start":{"line":23,"column":2},"end":{"line":25,"column":null}},"type":"if","locations":[{"start":{"line":23,"column":2},"end":{"line":25,"column":null}},{"start":{},"end":{}}],"line":23},"4":{"loc":{"start":{"line":32,"column":2},"end":{"line":34,"column":null}},"type":"if","locations":[{"start":{"line":32,"column":2},"end":{"line":34,"column":null}},{"start":{},"end":{}}],"line":32},"5":{"loc":{"start":{"line":46,"column":9},"end":{"line":46,"column":null}},"type":"binary-expr","locations":[{"start":{"line":46,"column":9},"end":{"line":46,"column":20}},{"start":{"line":46,"column":20},"end":{"line":46,"column":null}}],"line":46},"6":{"loc":{"start":{"line":58,"column":2},"end":{"line":66,"column":null}},"type":"if","locations":[{"start":{"line":58,"column":2},"end":{"line":66,"column":null}},{"start":{},"end":{}}],"line":58},"7":{"loc":{"start":{"line":59,"column":4},"end":{"line":63,"column":null}},"type":"binary-expr","locations":[{"start":{"line":59,"column":4},"end":{"line":59,"column":null}},{"start":{"line":60,"column":4},"end":{"line":60,"column":null}},{"start":{"line":61,"column":4},"end":{"line":61,"column":null}},{"start":{"line":62,"column":4},"end":{"line":62,"column":null}},{"start":{"line":63,"column":4},"end":{"line":63,"column":null}}],"line":59},"8":{"loc":{"start":{"line":90,"column":2},"end":{"line":93,"column":null}},"type":"if","locations":[{"start":{"line":90,"column":2},"end":{"line":93,"column":null}},{"start":{},"end":{}}],"line":90},"9":{"loc":{"start":{"line":97,"column":13},"end":{"line":97,"column":null}},"type":"binary-expr","locations":[{"start":{"line":97,"column":13},"end":{"line":97,"column":58}},{"start":{"line":97,"column":58},"end":{"line":97,"column":null}}],"line":97},"10":{"loc":{"start":{"line":100,"column":2},"end":{"line":102,"column":null}},"type":"if","locations":[{"start":{"line":100,"column":2},"end":{"line":102,"column":null}},{"start":{},"end":{}}],"line":100},"11":{"loc":{"start":{"line":112,"column":4},"end":{"line":114,"column":null}},"type":"if","locations":[{"start":{"line":112,"column":4},"end":{"line":114,"column":null}},{"start":{},"end":{}}],"line":112},"12":{"loc":{"start":{"line":112,"column":8},"end":{"line":112,"column":81}},"type":"binary-expr","locations":[{"start":{"line":112,"column":8},"end":{"line":112,"column":53}},{"start":{"line":112,"column":53},"end":{"line":112,"column":81}}],"line":112},"13":{"loc":{"start":{"line":119,"column":4},"end":{"line":124,"column":null}},"type":"if","locations":[{"start":{"line":119,"column":4},"end":{"line":124,"column":null}},{"start":{},"end":{}}],"line":119},"14":{"loc":{"start":{"line":126,"column":4},"end":{"line":129,"column":null}},"type":"if","locations":[{"start":{"line":126,"column":4},"end":{"line":129,"column":null}},{"start":{},"end":{}}],"line":126},"15":{"loc":{"start":{"line":126,"column":8},"end":{"line":126,"column":35}},"type":"binary-expr","locations":[{"start":{"line":126,"column":8},"end":{"line":126,"column":19}},{"start":{"line":126,"column":19},"end":{"line":126,"column":35}}],"line":126},"16":{"loc":{"start":{"line":134,"column":2},"end":{"line":136,"column":null}},"type":"if","locations":[{"start":{"line":134,"column":2},"end":{"line":136,"column":null}},{"start":{},"end":{}}],"line":134},"17":{"loc":{"start":{"line":152,"column":28},"end":{"line":152,"column":null}},"type":"cond-expr","locations":[{"start":{"line":152,"column":65},"end":{"line":152,"column":77}},{"start":{"line":152,"column":77},"end":{"line":152,"column":null}}],"line":152}},"s":{"0":1,"1":141,"2":30,"3":30,"4":0,"5":30,"6":30,"7":0,"8":30,"9":7,"10":7,"11":1,"12":6,"13":4,"14":52,"15":4,"16":4,"17":5,"18":1,"19":7,"20":5,"21":5,"22":0,"23":0,"24":5,"25":5,"26":15,"27":5,"28":0,"29":5,"30":5,"31":5,"32":5,"33":11,"34":11,"35":0,"36":11,"37":11,"38":11,"39":3,"40":3,"41":8,"42":1,"43":1,"44":7,"45":5,"46":1,"47":2,"48":6,"49":2,"50":1,"51":3,"52":3,"53":3},"f":{"0":141,"1":30,"2":7,"3":4,"4":52,"5":4,"6":5,"7":7,"8":5,"9":15,"10":11,"11":6,"12":1,"13":3},"b":{"0":[141,0],"1":[0,30],"2":[30,30],"3":[0,30],"4":[1,6],"5":[4,0],"6":[1,4],"7":[5,4,4,4,4],"8":[0,5],"9":[15,5],"10":[0,5],"11":[0,11],"12":[11,11],"13":[3,8],"14":[1,7],"15":[8,8],"16":[1,4],"17":[2,1]},"meta":{"lastBranch":18,"lastFunction":14,"lastStatement":54,"seen":{"s:10:36:10:Infinity":0,"f:12:9:12:17":0,"s:13:2:13:Infinity":1,"b:13:9:13:31:13:31:13:Infinity":0,"f:16:9:16:21":1,"s:17:18:17:Infinity":2,"b:18:2:20:Infinity:undefined:undefined:undefined:undefined":1,"s:18:2:20:Infinity":3,"b:18:6:18:18:18:18:18:35":2,"s:19:4:19:Infinity":4,"s:22:17:22:Infinity":5,"b:23:2:25:Infinity:undefined:undefined:undefined:undefined":3,"s:23:2:25:Infinity":6,"s:24:4:24:Infinity":7,"s:27:2:27:Infinity":8,"f:30:9:30:24":2,"s:31:18:31:Infinity":9,"b:32:2:34:Infinity:undefined:undefined:undefined:undefined":4,"s:32:2:34:Infinity":10,"s:33:4:33:Infinity":11,"s:36:2:36:Infinity":12,"f:39:9:39:22":3,"s:40:18:44:Infinity":13,"f:41:5:41:10":4,"s:41:19:41:30":14,"s:46:2:46:Infinity":15,"b:46:9:46:20:46:20:46:Infinity":5,"f:49:9:49:31":5,"s:50:2:54:Infinity":16,"f:57:9:57:27":6,"b:58:2:66:Infinity:undefined:undefined:undefined:undefined":6,"s:58:2:66:Infinity":17,"b:59:4:59:Infinity:60:4:60:Infinity:61:4:61:Infinity:62:4:62:Infinity:63:4:63:Infinity":7,"s:65:4:65:Infinity":18,"f:69:9:69:28":7,"s:70:2:82:Infinity":19,"f:85:16:85:41":8,"s:86:17:88:Infinity":20,"b:90:2:93:Infinity:undefined:undefined:undefined:undefined":8,"s:90:2:93:Infinity":21,"s:91:23:91:Infinity":22,"s:92:4:92:Infinity":23,"s:95:15:95:Infinity":24,"s:96:22:98:Infinity":25,"f:96:27:96:Infinity":9,"s:97:13:97:Infinity":26,"b:97:13:97:58:97:58:97:Infinity":9,"b:100:2:102:Infinity:undefined:undefined:undefined:undefined":10,"s:100:2:102:Infinity":27,"s:101:4:101:Infinity":28,"s:104:2:104:Infinity":29,"s:106:46:106:Infinity":30,"s:107:42:107:Infinity":31,"s:109:2:132:Infinity":32,"f:109:30:109:39":10,"s:110:28:110:Infinity":33,"b:112:4:114:Infinity:undefined:undefined:undefined:undefined":11,"s:112:4:114:Infinity":34,"b:112:8:112:53:112:53:112:81":12,"s:113:6:113:Infinity":35,"s:116:33:116:Infinity":36,"s:117:19:117:Infinity":37,"b:119:4:124:Infinity:undefined:undefined:undefined:undefined":13,"s:119:4:124:Infinity":38,"s:120:6:122:Infinity":39,"s:123:6:123:Infinity":40,"b:126:4:129:Infinity:undefined:undefined:undefined:undefined":14,"s:126:4:129:Infinity":41,"b:126:8:126:19:126:19:126:35":15,"s:127:6:127:Infinity":42,"s:128:6:128:Infinity":43,"s:131:4:131:Infinity":44,"b:134:2:136:Infinity:undefined:undefined:undefined:undefined":16,"s:134:2:136:Infinity":45,"s:135:4:135:Infinity":46,"s:138:24:138:Infinity":47,"f:138:47:138:52":11,"s:138:60:138:75":48,"s:140:2:146:Infinity":49,"f:149:16:149:39":12,"s:150:2:172:Infinity":50,"f:150:14:150:19":13,"s:151:19:151:Infinity":51,"s:152:28:152:Infinity":52,"b:152:65:152:77:152:77:152:Infinity":17,"s:154:4:171:Infinity":53},"fnNames":{}}}
,"/Users/pagrawal2/Pawan/ITR-FA-Manager/FA-Helper-App/src/shareworks/parser.ts": {"path":"/Users/pagrawal2/Pawan/ITR-FA-Manager/FA-Helper-App/src/shareworks/parser.ts","statementMap":{"0":{"start":{"line":5,"column":24},"end":{"line":5,"column":null}},"1":{"start":{"line":6,"column":25},"end":{"line":6,"column":null}},"2":{"start":{"line":7,"column":29},"end":{"line":7,"column":null}},"3":{"start":{"line":8,"column":29},"end":{"line":8,"column":null}},"4":{"start":{"line":10,"column":44},"end":{"line":23,"column":null}},"5":{"start":{"line":26,"column":2},"end":{"line":26,"column":null}},"6":{"start":{"line":30,"column":21},"end":{"line":30,"column":null}},"7":{"start":{"line":31,"column":2},"end":{"line":33,"column":null}},"8":{"start":{"line":32,"column":4},"end":{"line":32,"column":null}},"9":{"start":{"line":35,"column":17},"end":{"line":35,"column":null}},"10":{"start":{"line":36,"column":2},"end":{"line":38,"column":null}},"11":{"start":{"line":37,"column":4},"end":{"line":37,"column":null}},"12":{"start":{"line":40,"column":2},"end":{"line":40,"column":null}},"13":{"start":{"line":44,"column":17},"end":{"line":44,"column":null}},"14":{"start":{"line":45,"column":2},"end":{"line":47,"column":null}},"15":{"start":{"line":46,"column":4},"end":{"line":46,"column":null}},"16":{"start":{"line":49,"column":2},"end":{"line":49,"column":null}},"17":{"start":{"line":53,"column":18},"end":{"line":53,"column":null}},"18":{"start":{"line":54,"column":16},"end":{"line":54,"column":null}},"19":{"start":{"line":56,"column":2},"end":{"line":58,"column":null}},"20":{"start":{"line":57,"column":4},"end":{"line":57,"column":null}},"21":{"start":{"line":60,"column":49},"end":{"line":60,"column":null}},"22":{"start":{"line":61,"column":21},"end":{"line":61,"column":null}},"23":{"start":{"line":63,"column":2},"end":{"line":65,"column":null}},"24":{"start":{"line":64,"column":4},"end":{"line":64,"column":null}},"25":{"start":{"line":67,"column":15},"end":{"line":67,"column":null}},"26":{"start":{"line":68,"column":2},"end":{"line":68,"column":null}},"27":{"start":{"line":72,"column":2},"end":{"line":72,"column":null}},"28":{"start":{"line":76,"column":2},"end":{"line":76,"column":null}},"29":{"start":{"line":80,"column":18},"end":{"line":84,"column":null}},"30":{"start":{"line":81,"column":19},"end":{"line":81,"column":30}},"31":{"start":{"line":86,"column":2},"end":{"line":86,"column":null}},"32":{"start":{"line":90,"column":2},"end":{"line":96,"column":null}},"33":{"start":{"line":91,"column":4},"end":{"line":95,"column":null}},"34":{"start":{"line":98,"column":2},"end":{"line":102,"column":null}},"35":{"start":{"line":106,"column":25},"end":{"line":106,"column":null}},"36":{"start":{"line":107,"column":32},"end":{"line":107,"column":null}},"37":{"start":{"line":108,"column":23},"end":{"line":108,"column":null}},"38":{"start":{"line":110,"column":2},"end":{"line":116,"column":null}},"39":{"start":{"line":115,"column":4},"end":{"line":115,"column":null}},"40":{"start":{"line":120,"column":2},"end":{"line":142,"column":null}},"41":{"start":{"line":146,"column":17},"end":{"line":148,"column":null}},"42":{"start":{"line":150,"column":2},"end":{"line":153,"column":null}},"43":{"start":{"line":151,"column":23},"end":{"line":151,"column":null}},"44":{"start":{"line":152,"column":4},"end":{"line":152,"column":null}},"45":{"start":{"line":155,"column":15},"end":{"line":155,"column":null}},"46":{"start":{"line":157,"column":2},"end":{"line":159,"column":null}},"47":{"start":{"line":158,"column":4},"end":{"line":158,"column":null}},"48":{"start":{"line":161,"column":21},"end":{"line":161,"column":null}},"49":{"start":{"line":162,"column":20},"end":{"line":162,"column":null}},"50":{"start":{"line":164,"column":2},"end":{"line":166,"column":null}},"51":{"start":{"line":165,"column":4},"end":{"line":165,"column":null}},"52":{"start":{"line":168,"column":2},"end":{"line":168,"column":null}},"53":{"start":{"line":170,"column":45},"end":{"line":170,"column":null}},"54":{"start":{"line":171,"column":42},"end":{"line":171,"column":null}},"55":{"start":{"line":172,"column":24},"end":{"line":172,"column":null}},"56":{"start":{"line":174,"column":2},"end":{"line":190,"column":null}},"57":{"start":{"line":175,"column":28},"end":{"line":175,"column":null}},"58":{"start":{"line":177,"column":4},"end":{"line":181,"column":null}},"59":{"start":{"line":178,"column":6},"end":{"line":178,"column":null}},"60":{"start":{"line":179,"column":6},"end":{"line":179,"column":null}},"61":{"start":{"line":180,"column":6},"end":{"line":180,"column":null}},"62":{"start":{"line":183,"column":4},"end":{"line":187,"column":null}},"63":{"start":{"line":184,"column":6},"end":{"line":184,"column":null}},"64":{"start":{"line":185,"column":6},"end":{"line":185,"column":null}},"65":{"start":{"line":186,"column":6},"end":{"line":186,"column":null}},"66":{"start":{"line":189,"column":4},"end":{"line":189,"column":null}},"67":{"start":{"line":192,"column":2},"end":{"line":194,"column":null}},"68":{"start":{"line":193,"column":4},"end":{"line":193,"column":null}},"69":{"start":{"line":196,"column":2},"end":{"line":201,"column":null}}},"fnMap":{"0":{"name":"getCell","decl":{"start":{"line":25,"column":9},"end":{"line":25,"column":17}},"loc":{"start":{"line":25,"column":55},"end":{"line":27,"column":null}},"line":25},"1":{"name":"parseUsdAmount","decl":{"start":{"line":29,"column":9},"end":{"line":29,"column":24}},"loc":{"start":{"line":29,"column":47},"end":{"line":41,"column":null}},"line":29},"2":{"name":"parseShares","decl":{"start":{"line":43,"column":9},"end":{"line":43,"column":21}},"loc":{"start":{"line":43,"column":44},"end":{"line":50,"column":null}},"line":43},"3":{"name":"parseShareworksDate","decl":{"start":{"line":52,"column":9},"end":{"line":52,"column":29}},"loc":{"start":{"line":52,"column":52},"end":{"line":69,"column":null}},"line":52},"4":{"name":"isTotalsRow","decl":{"start":{"line":71,"column":9},"end":{"line":71,"column":21}},"loc":{"start":{"line":71,"column":45},"end":{"line":73,"column":null}},"line":71},"5":{"name":"isDataRow","decl":{"start":{"line":75,"column":9},"end":{"line":75,"column":19}},"loc":{"start":{"line":75,"column":43},"end":{"line":77,"column":null}},"line":75},"6":{"name":"buildPreview","decl":{"start":{"line":79,"column":9},"end":{"line":79,"column":22}},"loc":{"start":{"line":79,"column":45},"end":{"line":87,"column":null}},"line":79},"7":{"name":"(anonymous_7)","decl":{"start":{"line":81,"column":5},"end":{"line":81,"column":10}},"loc":{"start":{"line":81,"column":19},"end":{"line":81,"column":30}},"line":81},"8":{"name":"buildIgnoredRowDetail","decl":{"start":{"line":89,"column":9},"end":{"line":89,"column":31}},"loc":{"start":{"line":89,"column":89},"end":{"line":103,"column":null}},"line":89},"9":{"name":"validateHeaderRow","decl":{"start":{"line":105,"column":9},"end":{"line":105,"column":27}},"loc":{"start":{"line":105,"column":54},"end":{"line":117,"column":null}},"line":105},"10":{"name":"mapRowToSaleRecord","decl":{"start":{"line":119,"column":9},"end":{"line":119,"column":28}},"loc":{"start":{"line":119,"column":90},"end":{"line":143,"column":null}},"line":119},"11":{"name":"parseShareworksCsv","decl":{"start":{"line":145,"column":16},"end":{"line":145,"column":35}},"loc":{"start":{"line":145,"column":74},"end":{"line":202,"column":null}},"line":145},"12":{"name":"(anonymous_12)","decl":{"start":{"line":174,"column":35},"end":{"line":174,"column":44}},"loc":{"start":{"line":174,"column":59},"end":{"line":190,"column":3}},"line":174}},"branchMap":{"0":{"loc":{"start":{"line":26,"column":9},"end":{"line":26,"column":null}},"type":"binary-expr","locations":[{"start":{"line":26,"column":9},"end":{"line":26,"column":31}},{"start":{"line":26,"column":31},"end":{"line":26,"column":null}}],"line":26},"1":{"loc":{"start":{"line":31,"column":2},"end":{"line":33,"column":null}},"type":"if","locations":[{"start":{"line":31,"column":2},"end":{"line":33,"column":null}},{"start":{},"end":{}}],"line":31},"2":{"loc":{"start":{"line":36,"column":2},"end":{"line":38,"column":null}},"type":"if","locations":[{"start":{"line":36,"column":2},"end":{"line":38,"column":null}},{"start":{},"end":{}}],"line":36},"3":{"loc":{"start":{"line":45,"column":2},"end":{"line":47,"column":null}},"type":"if","locations":[{"start":{"line":45,"column":2},"end":{"line":47,"column":null}},{"start":{},"end":{}}],"line":45},"4":{"loc":{"start":{"line":56,"column":2},"end":{"line":58,"column":null}},"type":"if","locations":[{"start":{"line":56,"column":2},"end":{"line":58,"column":null}},{"start":{},"end":{}}],"line":56},"5":{"loc":{"start":{"line":63,"column":2},"end":{"line":65,"column":null}},"type":"if","locations":[{"start":{"line":63,"column":2},"end":{"line":65,"column":null}},{"start":{},"end":{}}],"line":63},"6":{"loc":{"start":{"line":72,"column":9},"end":{"line":72,"column":null}},"type":"binary-expr","locations":[{"start":{"line":72,"column":9},"end":{"line":72,"column":35}},{"start":{"line":72,"column":35},"end":{"line":72,"column":null}}],"line":72},"7":{"loc":{"start":{"line":76,"column":9},"end":{"line":76,"column":null}},"type":"binary-expr","locations":[{"start":{"line":76,"column":9},"end":{"line":76,"column":35}},{"start":{"line":76,"column":35},"end":{"line":76,"column":61}},{"start":{"line":76,"column":61},"end":{"line":76,"column":null}}],"line":76},"8":{"loc":{"start":{"line":86,"column":9},"end":{"line":86,"column":null}},"type":"binary-expr","locations":[{"start":{"line":86,"column":9},"end":{"line":86,"column":20}},{"start":{"line":86,"column":20},"end":{"line":86,"column":null}}],"line":86},"9":{"loc":{"start":{"line":90,"column":2},"end":{"line":96,"column":null}},"type":"if","locations":[{"start":{"line":90,"column":2},"end":{"line":96,"column":null}},{"start":{},"end":{}}],"line":90},"10":{"loc":{"start":{"line":110,"column":2},"end":{"line":116,"column":null}},"type":"if","locations":[{"start":{"line":110,"column":2},"end":{"line":116,"column":null}},{"start":{},"end":{}}],"line":110},"11":{"loc":{"start":{"line":111,"column":4},"end":{"line":113,"column":null}},"type":"binary-expr","locations":[{"start":{"line":111,"column":4},"end":{"line":111,"column":null}},{"start":{"line":112,"column":4},"end":{"line":112,"column":null}},{"start":{"line":113,"column":4},"end":{"line":113,"column":null}}],"line":111},"12":{"loc":{"start":{"line":150,"column":2},"end":{"line":153,"column":null}},"type":"if","locations":[{"start":{"line":150,"column":2},"end":{"line":153,"column":null}},{"start":{},"end":{}}],"line":150},"13":{"loc":{"start":{"line":157,"column":2},"end":{"line":159,"column":null}},"type":"if","locations":[{"start":{"line":157,"column":2},"end":{"line":159,"column":null}},{"start":{},"end":{}}],"line":157},"14":{"loc":{"start":{"line":164,"column":2},"end":{"line":166,"column":null}},"type":"if","locations":[{"start":{"line":164,"column":2},"end":{"line":166,"column":null}},{"start":{},"end":{}}],"line":164},"15":{"loc":{"start":{"line":177,"column":4},"end":{"line":181,"column":null}},"type":"if","locations":[{"start":{"line":177,"column":4},"end":{"line":181,"column":null}},{"start":{},"end":{}}],"line":177},"16":{"loc":{"start":{"line":183,"column":4},"end":{"line":187,"column":null}},"type":"if","locations":[{"start":{"line":183,"column":4},"end":{"line":187,"column":null}},{"start":{},"end":{}}],"line":183},"17":{"loc":{"start":{"line":192,"column":2},"end":{"line":194,"column":null}},"type":"if","locations":[{"start":{"line":192,"column":2},"end":{"line":194,"column":null}},{"start":{},"end":{}}],"line":192}},"s":{"0":3,"1":3,"2":3,"3":3,"4":3,"5":248,"6":54,"7":54,"8":0,"9":54,"10":54,"11":0,"12":54,"13":9,"14":9,"15":0,"16":9,"17":36,"18":36,"19":36,"20":0,"21":36,"22":36,"23":36,"24":0,"25":36,"26":36,"27":19,"28":10,"29":5,"30":120,"31":5,"32":5,"33":4,"34":1,"35":7,"36":7,"37":7,"38":7,"39":1,"40":9,"41":9,"42":9,"43":0,"44":0,"45":9,"46":9,"47":1,"48":8,"49":8,"50":8,"51":1,"52":7,"53":7,"54":7,"55":7,"56":7,"57":14,"58":14,"59":4,"60":4,"61":4,"62":10,"63":1,"64":1,"65":1,"66":9,"67":7,"68":1,"69":5},"f":{"0":248,"1":54,"2":9,"3":36,"4":19,"5":10,"6":5,"7":120,"8":5,"9":7,"10":9,"11":9,"12":14},"b":{"0":[248,0],"1":[0,54],"2":[0,54],"3":[0,9],"4":[0,36],"5":[0,36],"6":[19,10],"7":[10,9,9],"8":[5,0],"9":[4,1],"10":[1,6],"11":[7,6,6],"12":[0,9],"13":[1,8],"14":[1,7],"15":[4,10],"16":[1,9],"17":[1,6]},"meta":{"lastBranch":18,"lastFunction":13,"lastStatement":70,"seen":{"s:5:24:5:Infinity":0,"s:6:25:6:Infinity":1,"s:7:29:7:Infinity":2,"s:8:29:8:Infinity":3,"s:10:44:23:Infinity":4,"f:25:9:25:17":0,"s:26:2:26:Infinity":5,"b:26:9:26:31:26:31:26:Infinity":0,"f:29:9:29:24":1,"s:30:21:30:Infinity":6,"b:31:2:33:Infinity:undefined:undefined:undefined:undefined":1,"s:31:2:33:Infinity":7,"s:32:4:32:Infinity":8,"s:35:17:35:Infinity":9,"b:36:2:38:Infinity:undefined:undefined:undefined:undefined":2,"s:36:2:38:Infinity":10,"s:37:4:37:Infinity":11,"s:40:2:40:Infinity":12,"f:43:9:43:21":2,"s:44:17:44:Infinity":13,"b:45:2:47:Infinity:undefined:undefined:undefined:undefined":3,"s:45:2:47:Infinity":14,"s:46:4:46:Infinity":15,"s:49:2:49:Infinity":16,"f:52:9:52:29":3,"s:53:18:53:Infinity":17,"s:54:16:54:Infinity":18,"b:56:2:58:Infinity:undefined:undefined:undefined:undefined":4,"s:56:2:58:Infinity":19,"s:57:4:57:Infinity":20,"s:60:49:60:Infinity":21,"s:61:21:61:Infinity":22,"b:63:2:65:Infinity:undefined:undefined:undefined:undefined":5,"s:63:2:65:Infinity":23,"s:64:4:64:Infinity":24,"s:67:15:67:Infinity":25,"s:68:2:68:Infinity":26,"f:71:9:71:21":4,"s:72:2:72:Infinity":27,"b:72:9:72:35:72:35:72:Infinity":6,"f:75:9:75:19":5,"s:76:2:76:Infinity":28,"b:76:9:76:35:76:35:76:61:76:61:76:Infinity":7,"f:79:9:79:22":6,"s:80:18:84:Infinity":29,"f:81:5:81:10":7,"s:81:19:81:30":30,"s:86:2:86:Infinity":31,"b:86:9:86:20:86:20:86:Infinity":8,"f:89:9:89:31":8,"b:90:2:96:Infinity:undefined:undefined:undefined:undefined":9,"s:90:2:96:Infinity":32,"s:91:4:95:Infinity":33,"s:98:2:102:Infinity":34,"f:105:9:105:27":9,"s:106:25:106:Infinity":35,"s:107:32:107:Infinity":36,"s:108:23:108:Infinity":37,"b:110:2:116:Infinity:undefined:undefined:undefined:undefined":10,"s:110:2:116:Infinity":38,"b:111:4:111:Infinity:112:4:112:Infinity:113:4:113:Infinity":11,"s:115:4:115:Infinity":39,"f:119:9:119:28":10,"s:120:2:142:Infinity":40,"f:145:16:145:35":11,"s:146:17:148:Infinity":41,"b:150:2:153:Infinity:undefined:undefined:undefined:undefined":12,"s:150:2:153:Infinity":42,"s:151:23:151:Infinity":43,"s:152:4:152:Infinity":44,"s:155:15:155:Infinity":45,"b:157:2:159:Infinity:undefined:undefined:undefined:undefined":13,"s:157:2:159:Infinity":46,"s:158:4:158:Infinity":47,"s:161:21:161:Infinity":48,"s:162:20:162:Infinity":49,"b:164:2:166:Infinity:undefined:undefined:undefined:undefined":14,"s:164:2:166:Infinity":50,"s:165:4:165:Infinity":51,"s:168:2:168:Infinity":52,"s:170:45:170:Infinity":53,"s:171:42:171:Infinity":54,"s:172:24:172:Infinity":55,"s:174:2:190:Infinity":56,"f:174:35:174:44":12,"s:175:28:175:Infinity":57,"b:177:4:181:Infinity:undefined:undefined:undefined:undefined":15,"s:177:4:181:Infinity":58,"s:178:6:178:Infinity":59,"s:179:6:179:Infinity":60,"s:180:6:180:Infinity":61,"b:183:4:187:Infinity:undefined:undefined:undefined:undefined":16,"s:183:4:187:Infinity":62,"s:184:6:184:Infinity":63,"s:185:6:185:Infinity":64,"s:186:6:186:Infinity":65,"s:189:4:189:Infinity":66,"b:192:2:194:Infinity:undefined:undefined:undefined:undefined":17,"s:192:2:194:Infinity":67,"s:193:4:193:Infinity":68,"s:196:2:201:Infinity":69},"fnNames":{}}}
,"/Users/pagrawal2/Pawan/ITR-FA-Manager/FA-Helper-App/src/shareworks/releases.ts": {"path":"/Users/pagrawal2/Pawan/ITR-FA-Manager/FA-Helper-App/src/shareworks/releases.ts","statementMap":{"0":{"start":{"line":10,"column":24},"end":{"line":10,"column":null}},"1":{"start":{"line":11,"column":25},"end":{"line":11,"column":null}},"2":{"start":{"line":12,"column":29},"end":{"line":12,"column":null}},"3":{"start":{"line":13,"column":29},"end":{"line":13,"column":null}},"4":{"start":{"line":15,"column":44},"end":{"line":28,"column":null}},"5":{"start":{"line":31,"column":2},"end":{"line":31,"column":null}},"6":{"start":{"line":35,"column":21},"end":{"line":35,"column":null}},"7":{"start":{"line":36,"column":2},"end":{"line":38,"column":null}},"8":{"start":{"line":37,"column":4},"end":{"line":37,"column":null}},"9":{"start":{"line":40,"column":17},"end":{"line":40,"column":null}},"10":{"start":{"line":41,"column":2},"end":{"line":43,"column":null}},"11":{"start":{"line":42,"column":4},"end":{"line":42,"column":null}},"12":{"start":{"line":45,"column":2},"end":{"line":45,"column":null}},"13":{"start":{"line":49,"column":17},"end":{"line":49,"column":null}},"14":{"start":{"line":50,"column":2},"end":{"line":52,"column":null}},"15":{"start":{"line":51,"column":4},"end":{"line":51,"column":null}},"16":{"start":{"line":54,"column":2},"end":{"line":54,"column":null}},"17":{"start":{"line":58,"column":18},"end":{"line":58,"column":null}},"18":{"start":{"line":59,"column":16},"end":{"line":59,"column":null}},"19":{"start":{"line":61,"column":2},"end":{"line":63,"column":null}},"20":{"start":{"line":62,"column":4},"end":{"line":62,"column":null}},"21":{"start":{"line":65,"column":49},"end":{"line":65,"column":null}},"22":{"start":{"line":66,"column":21},"end":{"line":66,"column":null}},"23":{"start":{"line":68,"column":2},"end":{"line":70,"column":null}},"24":{"start":{"line":69,"column":4},"end":{"line":69,"column":null}},"25":{"start":{"line":72,"column":15},"end":{"line":72,"column":null}},"26":{"start":{"line":73,"column":2},"end":{"line":73,"column":null}},"27":{"start":{"line":77,"column":18},"end":{"line":81,"column":null}},"28":{"start":{"line":78,"column":19},"end":{"line":78,"column":30}},"29":{"start":{"line":83,"column":2},"end":{"line":83,"column":null}},"30":{"start":{"line":87,"column":2},"end":{"line":87,"column":null}},"31":{"start":{"line":91,"column":2},"end":{"line":91,"column":null}},"32":{"start":{"line":95,"column":2},"end":{"line":101,"column":null}},"33":{"start":{"line":96,"column":4},"end":{"line":100,"column":null}},"34":{"start":{"line":103,"column":2},"end":{"line":107,"column":null}},"35":{"start":{"line":111,"column":28},"end":{"line":111,"column":null}},"36":{"start":{"line":112,"column":23},"end":{"line":112,"column":null}},"37":{"start":{"line":113,"column":21},"end":{"line":113,"column":null}},"38":{"start":{"line":115,"column":2},"end":{"line":121,"column":null}},"39":{"start":{"line":120,"column":4},"end":{"line":120,"column":null}},"40":{"start":{"line":125,"column":2},"end":{"line":147,"column":null}},"41":{"start":{"line":151,"column":17},"end":{"line":153,"column":null}},"42":{"start":{"line":155,"column":2},"end":{"line":158,"column":null}},"43":{"start":{"line":156,"column":23},"end":{"line":156,"column":null}},"44":{"start":{"line":157,"column":4},"end":{"line":157,"column":null}},"45":{"start":{"line":160,"column":15},"end":{"line":160,"column":null}},"46":{"start":{"line":162,"column":2},"end":{"line":164,"column":null}},"47":{"start":{"line":163,"column":4},"end":{"line":163,"column":null}},"48":{"start":{"line":166,"column":21},"end":{"line":166,"column":null}},"49":{"start":{"line":167,"column":20},"end":{"line":167,"column":null}},"50":{"start":{"line":169,"column":2},"end":{"line":171,"column":null}},"51":{"start":{"line":170,"column":4},"end":{"line":170,"column":null}},"52":{"start":{"line":173,"column":2},"end":{"line":173,"column":null}},"53":{"start":{"line":175,"column":48},"end":{"line":175,"column":null}},"54":{"start":{"line":176,"column":42},"end":{"line":176,"column":null}},"55":{"start":{"line":177,"column":24},"end":{"line":177,"column":null}},"56":{"start":{"line":179,"column":2},"end":{"line":195,"column":null}},"57":{"start":{"line":180,"column":28},"end":{"line":180,"column":null}},"58":{"start":{"line":182,"column":4},"end":{"line":186,"column":null}},"59":{"start":{"line":183,"column":6},"end":{"line":183,"column":null}},"60":{"start":{"line":184,"column":6},"end":{"line":184,"column":null}},"61":{"start":{"line":185,"column":6},"end":{"line":185,"column":null}},"62":{"start":{"line":188,"column":4},"end":{"line":192,"column":null}},"63":{"start":{"line":189,"column":6},"end":{"line":189,"column":null}},"64":{"start":{"line":190,"column":6},"end":{"line":190,"column":null}},"65":{"start":{"line":191,"column":6},"end":{"line":191,"column":null}},"66":{"start":{"line":194,"column":4},"end":{"line":194,"column":null}},"67":{"start":{"line":197,"column":2},"end":{"line":199,"column":null}},"68":{"start":{"line":198,"column":4},"end":{"line":198,"column":null}},"69":{"start":{"line":201,"column":2},"end":{"line":206,"column":null}},"70":{"start":{"line":212,"column":2},"end":{"line":258,"column":null}},"71":{"start":{"line":213,"column":50},"end":{"line":213,"column":null}},"72":{"start":{"line":215,"column":4},"end":{"line":234,"column":null}},"73":{"start":{"line":216,"column":6},"end":{"line":233,"column":null}},"74":{"start":{"line":236,"column":4},"end":{"line":255,"column":null}},"75":{"start":{"line":237,"column":6},"end":{"line":254,"column":null}},"76":{"start":{"line":257,"column":4},"end":{"line":257,"column":null}}},"fnMap":{"0":{"name":"getCell","decl":{"start":{"line":30,"column":9},"end":{"line":30,"column":17}},"loc":{"start":{"line":30,"column":55},"end":{"line":32,"column":null}},"line":30},"1":{"name":"parseUsdAmount","decl":{"start":{"line":34,"column":9},"end":{"line":34,"column":24}},"loc":{"start":{"line":34,"column":47},"end":{"line":46,"column":null}},"line":34},"2":{"name":"parseShares","decl":{"start":{"line":48,"column":9},"end":{"line":48,"column":21}},"loc":{"start":{"line":48,"column":44},"end":{"line":55,"column":null}},"line":48},"3":{"name":"parseShareworksDate","decl":{"start":{"line":57,"column":9},"end":{"line":57,"column":29}},"loc":{"start":{"line":57,"column":52},"end":{"line":74,"column":null}},"line":57},"4":{"name":"buildPreview","decl":{"start":{"line":76,"column":9},"end":{"line":76,"column":22}},"loc":{"start":{"line":76,"column":45},"end":{"line":84,"column":null}},"line":76},"5":{"name":"(anonymous_5)","decl":{"start":{"line":78,"column":5},"end":{"line":78,"column":10}},"loc":{"start":{"line":78,"column":19},"end":{"line":78,"column":30}},"line":78},"6":{"name":"isTotalsRow","decl":{"start":{"line":86,"column":9},"end":{"line":86,"column":21}},"loc":{"start":{"line":86,"column":45},"end":{"line":88,"column":null}},"line":86},"7":{"name":"isDataRow","decl":{"start":{"line":90,"column":9},"end":{"line":90,"column":19}},"loc":{"start":{"line":90,"column":43},"end":{"line":92,"column":null}},"line":90},"8":{"name":"buildIgnoredRowDetail","decl":{"start":{"line":94,"column":9},"end":{"line":94,"column":31}},"loc":{"start":{"line":94,"column":89},"end":{"line":108,"column":null}},"line":94},"9":{"name":"validateHeaderRow","decl":{"start":{"line":110,"column":9},"end":{"line":110,"column":27}},"loc":{"start":{"line":110,"column":54},"end":{"line":122,"column":null}},"line":110},"10":{"name":"mapRowToReleaseRecord","decl":{"start":{"line":124,"column":9},"end":{"line":124,"column":31}},"loc":{"start":{"line":124,"column":96},"end":{"line":148,"column":null}},"line":124},"11":{"name":"parseShareworksReleasesCsv","decl":{"start":{"line":150,"column":16},"end":{"line":150,"column":43}},"loc":{"start":{"line":150,"column":90},"end":{"line":207,"column":null}},"line":150},"12":{"name":"(anonymous_12)","decl":{"start":{"line":179,"column":35},"end":{"line":179,"column":44}},"loc":{"start":{"line":179,"column":59},"end":{"line":195,"column":3}},"line":179},"13":{"name":"deriveReleaseTransactions","decl":{"start":{"line":209,"column":16},"end":{"line":209,"column":null}},"loc":{"start":{"line":211,"column":27},"end":{"line":259,"column":null}},"line":211},"14":{"name":"(anonymous_14)","decl":{"start":{"line":212,"column":14},"end":{"line":212,"column":23}},"loc":{"start":{"line":212,"column":31},"end":{"line":258,"column":3}},"line":212}},"branchMap":{"0":{"loc":{"start":{"line":31,"column":9},"end":{"line":31,"column":null}},"type":"binary-expr","locations":[{"start":{"line":31,"column":9},"end":{"line":31,"column":31}},{"start":{"line":31,"column":31},"end":{"line":31,"column":null}}],"line":31},"1":{"loc":{"start":{"line":36,"column":2},"end":{"line":38,"column":null}},"type":"if","locations":[{"start":{"line":36,"column":2},"end":{"line":38,"column":null}},{"start":{},"end":{}}],"line":36},"2":{"loc":{"start":{"line":41,"column":2},"end":{"line":43,"column":null}},"type":"if","locations":[{"start":{"line":41,"column":2},"end":{"line":43,"column":null}},{"start":{},"end":{}}],"line":41},"3":{"loc":{"start":{"line":50,"column":2},"end":{"line":52,"column":null}},"type":"if","locations":[{"start":{"line":50,"column":2},"end":{"line":52,"column":null}},{"start":{},"end":{}}],"line":50},"4":{"loc":{"start":{"line":61,"column":2},"end":{"line":63,"column":null}},"type":"if","locations":[{"start":{"line":61,"column":2},"end":{"line":63,"column":null}},{"start":{},"end":{}}],"line":61},"5":{"loc":{"start":{"line":68,"column":2},"end":{"line":70,"column":null}},"type":"if","locations":[{"start":{"line":68,"column":2},"end":{"line":70,"column":null}},{"start":{},"end":{}}],"line":68},"6":{"loc":{"start":{"line":83,"column":9},"end":{"line":83,"column":null}},"type":"binary-expr","locations":[{"start":{"line":83,"column":9},"end":{"line":83,"column":20}},{"start":{"line":83,"column":20},"end":{"line":83,"column":null}}],"line":83},"7":{"loc":{"start":{"line":87,"column":9},"end":{"line":87,"column":null}},"type":"binary-expr","locations":[{"start":{"line":87,"column":9},"end":{"line":87,"column":35}},{"start":{"line":87,"column":35},"end":{"line":87,"column":null}}],"line":87},"8":{"loc":{"start":{"line":91,"column":9},"end":{"line":91,"column":null}},"type":"binary-expr","locations":[{"start":{"line":91,"column":9},"end":{"line":91,"column":35}},{"start":{"line":91,"column":35},"end":{"line":91,"column":61}},{"start":{"line":91,"column":61},"end":{"line":91,"column":null}}],"line":91},"9":{"loc":{"start":{"line":95,"column":2},"end":{"line":101,"column":null}},"type":"if","locations":[{"start":{"line":95,"column":2},"end":{"line":101,"column":null}},{"start":{},"end":{}}],"line":95},"10":{"loc":{"start":{"line":115,"column":2},"end":{"line":121,"column":null}},"type":"if","locations":[{"start":{"line":115,"column":2},"end":{"line":121,"column":null}},{"start":{},"end":{}}],"line":115},"11":{"loc":{"start":{"line":116,"column":4},"end":{"line":118,"column":null}},"type":"binary-expr","locations":[{"start":{"line":116,"column":4},"end":{"line":116,"column":null}},{"start":{"line":117,"column":4},"end":{"line":117,"column":null}},{"start":{"line":118,"column":4},"end":{"line":118,"column":null}}],"line":116},"12":{"loc":{"start":{"line":155,"column":2},"end":{"line":158,"column":null}},"type":"if","locations":[{"start":{"line":155,"column":2},"end":{"line":158,"column":null}},{"start":{},"end":{}}],"line":155},"13":{"loc":{"start":{"line":162,"column":2},"end":{"line":164,"column":null}},"type":"if","locations":[{"start":{"line":162,"column":2},"end":{"line":164,"column":null}},{"start":{},"end":{}}],"line":162},"14":{"loc":{"start":{"line":169,"column":2},"end":{"line":171,"column":null}},"type":"if","locations":[{"start":{"line":169,"column":2},"end":{"line":171,"column":null}},{"start":{},"end":{}}],"line":169},"15":{"loc":{"start":{"line":182,"column":4},"end":{"line":186,"column":null}},"type":"if","locations":[{"start":{"line":182,"column":4},"end":{"line":186,"column":null}},{"start":{},"end":{}}],"line":182},"16":{"loc":{"start":{"line":188,"column":4},"end":{"line":192,"column":null}},"type":"if","locations":[{"start":{"line":188,"column":4},"end":{"line":192,"column":null}},{"start":{},"end":{}}],"line":188},"17":{"loc":{"start":{"line":197,"column":2},"end":{"line":199,"column":null}},"type":"if","locations":[{"start":{"line":197,"column":2},"end":{"line":199,"column":null}},{"start":{},"end":{}}],"line":197},"18":{"loc":{"start":{"line":215,"column":4},"end":{"line":234,"column":null}},"type":"if","locations":[{"start":{"line":215,"column":4},"end":{"line":234,"column":null}},{"start":{},"end":{}}],"line":215},"19":{"loc":{"start":{"line":236,"column":4},"end":{"line":255,"column":null}},"type":"if","locations":[{"start":{"line":236,"column":4},"end":{"line":255,"column":null}},{"start":{},"end":{}}],"line":236}},"s":{"0":2,"1":2,"2":2,"3":2,"4":2,"5":118,"6":20,"7":20,"8":0,"9":20,"10":20,"11":0,"12":20,"13":12,"14":12,"15":0,"16":12,"17":20,"18":20,"19":20,"20":0,"21":20,"22":20,"23":20,"24":0,"25":20,"26":20,"27":3,"28":69,"29":3,"30":10,"31":5,"32":3,"33":2,"34":1,"35":4,"36":4,"37":4,"38":4,"39":0,"40":4,"41":6,"42":6,"43":0,"44":0,"45":6,"46":6,"47":1,"48":5,"49":5,"50":5,"51":1,"52":4,"53":4,"54":4,"55":4,"56":4,"57":7,"58":7,"59":2,"60":2,"61":2,"62":5,"63":1,"64":1,"65":1,"66":4,"67":4,"68":1,"69":3,"70":3,"71":5,"72":5,"73":4,"74":5,"75":4,"76":5},"f":{"0":118,"1":20,"2":12,"3":20,"4":3,"5":69,"6":10,"7":5,"8":3,"9":4,"10":4,"11":6,"12":7,"13":3,"14":5},"b":{"0":[118,0],"1":[0,20],"2":[0,20],"3":[0,12],"4":[0,20],"5":[0,20],"6":[3,0],"7":[10,6],"8":[5,4,4],"9":[2,1],"10":[0,4],"11":[4,4,4],"12":[0,6],"13":[1,5],"14":[1,4],"15":[2,5],"16":[1,4],"17":[1,3],"18":[4,1],"19":[4,1]},"meta":{"lastBranch":20,"lastFunction":15,"lastStatement":77,"seen":{"s:10:24:10:Infinity":0,"s:11:25:11:Infinity":1,"s:12:29:12:Infinity":2,"s:13:29:13:Infinity":3,"s:15:44:28:Infinity":4,"f:30:9:30:17":0,"s:31:2:31:Infinity":5,"b:31:9:31:31:31:31:31:Infinity":0,"f:34:9:34:24":1,"s:35:21:35:Infinity":6,"b:36:2:38:Infinity:undefined:undefined:undefined:undefined":1,"s:36:2:38:Infinity":7,"s:37:4:37:Infinity":8,"s:40:17:40:Infinity":9,"b:41:2:43:Infinity:undefined:undefined:undefined:undefined":2,"s:41:2:43:Infinity":10,"s:42:4:42:Infinity":11,"s:45:2:45:Infinity":12,"f:48:9:48:21":2,"s:49:17:49:Infinity":13,"b:50:2:52:Infinity:undefined:undefined:undefined:undefined":3,"s:50:2:52:Infinity":14,"s:51:4:51:Infinity":15,"s:54:2:54:Infinity":16,"f:57:9:57:29":3,"s:58:18:58:Infinity":17,"s:59:16:59:Infinity":18,"b:61:2:63:Infinity:undefined:undefined:undefined:undefined":4,"s:61:2:63:Infinity":19,"s:62:4:62:Infinity":20,"s:65:49:65:Infinity":21,"s:66:21:66:Infinity":22,"b:68:2:70:Infinity:undefined:undefined:undefined:undefined":5,"s:68:2:70:Infinity":23,"s:69:4:69:Infinity":24,"s:72:15:72:Infinity":25,"s:73:2:73:Infinity":26,"f:76:9:76:22":4,"s:77:18:81:Infinity":27,"f:78:5:78:10":5,"s:78:19:78:30":28,"s:83:2:83:Infinity":29,"b:83:9:83:20:83:20:83:Infinity":6,"f:86:9:86:21":6,"s:87:2:87:Infinity":30,"b:87:9:87:35:87:35:87:Infinity":7,"f:90:9:90:19":7,"s:91:2:91:Infinity":31,"b:91:9:91:35:91:35:91:61:91:61:91:Infinity":8,"f:94:9:94:31":8,"b:95:2:101:Infinity:undefined:undefined:undefined:undefined":9,"s:95:2:101:Infinity":32,"s:96:4:100:Infinity":33,"s:103:2:107:Infinity":34,"f:110:9:110:27":9,"s:111:28:111:Infinity":35,"s:112:23:112:Infinity":36,"s:113:21:113:Infinity":37,"b:115:2:121:Infinity:undefined:undefined:undefined:undefined":10,"s:115:2:121:Infinity":38,"b:116:4:116:Infinity:117:4:117:Infinity:118:4:118:Infinity":11,"s:120:4:120:Infinity":39,"f:124:9:124:31":10,"s:125:2:147:Infinity":40,"f:150:16:150:43":11,"s:151:17:153:Infinity":41,"b:155:2:158:Infinity:undefined:undefined:undefined:undefined":12,"s:155:2:158:Infinity":42,"s:156:23:156:Infinity":43,"s:157:4:157:Infinity":44,"s:160:15:160:Infinity":45,"b:162:2:164:Infinity:undefined:undefined:undefined:undefined":13,"s:162:2:164:Infinity":46,"s:163:4:163:Infinity":47,"s:166:21:166:Infinity":48,"s:167:20:167:Infinity":49,"b:169:2:171:Infinity:undefined:undefined:undefined:undefined":14,"s:169:2:171:Infinity":50,"s:170:4:170:Infinity":51,"s:173:2:173:Infinity":52,"s:175:48:175:Infinity":53,"s:176:42:176:Infinity":54,"s:177:24:177:Infinity":55,"s:179:2:195:Infinity":56,"f:179:35:179:44":12,"s:180:28:180:Infinity":57,"b:182:4:186:Infinity:undefined:undefined:undefined:undefined":15,"s:182:4:186:Infinity":58,"s:183:6:183:Infinity":59,"s:184:6:184:Infinity":60,"s:185:6:185:Infinity":61,"b:188:4:192:Infinity:undefined:undefined:undefined:undefined":16,"s:188:4:192:Infinity":62,"s:189:6:189:Infinity":63,"s:190:6:190:Infinity":64,"s:191:6:191:Infinity":65,"s:194:4:194:Infinity":66,"b:197:2:199:Infinity:undefined:undefined:undefined:undefined":17,"s:197:2:199:Infinity":67,"s:198:4:198:Infinity":68,"s:201:2:206:Infinity":69,"f:209:16:209:Infinity":13,"s:212:2:258:Infinity":70,"f:212:14:212:23":14,"s:213:50:213:Infinity":71,"b:215:4:234:Infinity:undefined:undefined:undefined:undefined":18,"s:215:4:234:Infinity":72,"s:216:6:233:Infinity":73,"b:236:4:255:Infinity:undefined:undefined:undefined:undefined":19,"s:236:4:255:Infinity":74,"s:237:6:254:Infinity":75,"s:257:4:257:Infinity":76},"fnNames":{}}}
,"/Users/pagrawal2/Pawan/ITR-FA-Manager/FA-Helper-App/src/shareworks/transform.ts": {"path":"/Users/pagrawal2/Pawan/ITR-FA-Manager/FA-Helper-App/src/shareworks/transform.ts","statementMap":{"0":{"start":{"line":4,"column":2},"end":{"line":21,"column":null}},"1":{"start":{"line":27,"column":2},"end":{"line":27,"column":null}},"2":{"start":{"line":27,"column":27},"end":{"line":27,"column":52}}},"fnMap":{"0":{"name":"buildSellTransaction","decl":{"start":{"line":3,"column":9},"end":{"line":3,"column":30}},"loc":{"start":{"line":3,"column":80},"end":{"line":22,"column":null}},"line":3},"1":{"name":"deriveLongShareSaleTransactions","decl":{"start":{"line":24,"column":16},"end":{"line":24,"column":null}},"loc":{"start":{"line":26,"column":27},"end":{"line":28,"column":null}},"line":26},"2":{"name":"(anonymous_2)","decl":{"start":{"line":27,"column":14},"end":{"line":27,"column":19}},"loc":{"start":{"line":27,"column":27},"end":{"line":27,"column":52}},"line":27}},"branchMap":{},"s":{"0":6,"1":3,"2":6},"f":{"0":6,"1":3,"2":6},"b":{},"meta":{"lastBranch":0,"lastFunction":3,"lastStatement":3,"seen":{"f:3:9:3:30":0,"s:4:2:21:Infinity":0,"f:24:16:24:Infinity":1,"s:27:2:27:Infinity":1,"f:27:14:27:19":2,"s:27:27:27:52":2},"fnNames":{}}}
}
